<?xml version="1.0" encoding="UTF-8"?>
<!-- Generated by org.testng.reporters.JUnitReportReporter -->
<testsuite skipped="0" hostname="LAPTOP-H3NEN01C" name="com.crm.autodesk.contactTest.ContactTest" tests="2" failures="0" timestamp="31 Dec 2021 04:25:34 GMT" time="0.011" errors="0">
  <testcase name="updateContactTest" time="0.000" classname="com.crm.autodesk.contactTest.ContactTest"/>
  <testcase name="createContactTest" time="0.011" classname="com.crm.autodesk.contactTest.ContactTest"/>
</testsuite> <!-- com.crm.autodesk.contactTest.ContactTest -->
