<?xml version="1.0" encoding="UTF-8"?>
<!-- Generated by org.testng.reporters.JUnitReportReporter -->
<testsuite skipped="0" hostname="LAPTOP-H3NEN01C" name="com.crm.autodesk.orgTest.CreateOrgTest" tests="2" failures="0" timestamp="31 Dec 2021 04:25:34 GMT" time="0.000" errors="0">
  <testcase name="updateOrgTest" time="0.000" classname="com.crm.autodesk.orgTest.CreateOrgTest"/>
  <testcase name="createOrgTest" time="0.000" classname="com.crm.autodesk.orgTest.CreateOrgTest"/>
</testsuite> <!-- com.crm.autodesk.orgTest.CreateOrgTest -->
